\BOOKMARK [1][-]{section*.1}{\376\377\000t\000e\000m\000p\000l\000a\000t\000e}{}% 1
\BOOKMARK [1][-]{section*.2}{\376\377\000d\000s}{}% 2
\BOOKMARK [2][-]{section*.3}{\376\377\000d\000s\000u}{section*.2}% 3
\BOOKMARK [2][-]{section*.4}{\376\377\000s\000e\000g\000t\000r\000e\000e}{section*.2}% 4
\BOOKMARK [2][-]{section*.5}{\376\377\000s\000e\000g\000t\000r\000e\000e\000l\000a\000z\000y}{section*.2}% 5
\BOOKMARK [2][-]{section*.6}{\376\377\000s\000p\000a\000r\000s\000e}{section*.2}% 6
\BOOKMARK [2][-]{section*.7}{\376\377\000u\000m\000a\000p}{section*.2}% 7
\BOOKMARK [2][-]{section*.8}{\376\377\000m\000o}{section*.2}% 8
\BOOKMARK [1][-]{section*.9}{\376\377\000m\000a\000t\000h}{}% 9
\BOOKMARK [2][-]{section*.10}{\376\377\000a\000r\000i\000t\000h}{section*.9}% 10
\BOOKMARK [2][-]{section*.11}{\376\377\000m\000o\000d}{section*.9}% 11
\BOOKMARK [2][-]{section*.12}{\376\377\000c\000r\000t}{section*.9}% 12
\BOOKMARK [2][-]{section*.13}{\376\377\000g\000a\000u\000s\000s}{section*.9}% 13
\BOOKMARK [2][-]{section*.14}{\376\377\000p\000o\000l\000y}{section*.9}% 14
\BOOKMARK [2][-]{section*.15}{\376\377\000b\000i\000g\000i\000n\000t}{section*.9}% 15
\BOOKMARK [2][-]{section*.16}{\376\377\000s\000e\000g\000m\000e\000n\000t}{section*.9}% 16
\BOOKMARK [2][-]{section*.17}{\376\377\000t\000h\000e\000o\000r\000e\000m\000s}{section*.9}% 17
\BOOKMARK [1][-]{section*.18}{\376\377\000g\000r\000a\000p\000h}{}% 18
\BOOKMARK [2][-]{section*.19}{\376\377\000d\000i\000s\000t}{section*.18}% 19
\BOOKMARK [2][-]{section*.20}{\376\377\000l\000c\000a}{section*.18}% 20
\BOOKMARK [2][-]{section*.21}{\376\377\000m\000a\000t\000c\000h\000i\000n\000g}{section*.18}% 21
\BOOKMARK [2][-]{section*.22}{\376\377\000f\000l\000o\000w}{section*.18}% 22
\BOOKMARK [2][-]{section*.23}{\376\377\000h\000l\000d}{section*.18}% 23
\BOOKMARK [1][-]{section*.24}{\376\377\000s\000t\000r\000i\000n\000g\000s}{}% 24
\BOOKMARK [2][-]{section*.25}{\376\377\000s\000u\000f\000a\000r\000r}{section*.24}% 25
\BOOKMARK [2][-]{section*.26}{\376\377\000k\000m\000p}{section*.24}% 26
\BOOKMARK [2][-]{section*.27}{\376\377\000h\000a\000s\000h}{section*.24}% 27
\BOOKMARK [2][-]{section*.28}{\376\377\000h\000a\000s\000h\0002\000d}{section*.24}% 28
\BOOKMARK [2][-]{section*.29}{\376\377\000p\000a\000l\000i\000n}{section*.24}% 29
\BOOKMARK [1][-]{section*.30}{\376\377\000g\000e\000o}{}% 30
\BOOKMARK [2][-]{section*.31}{\376\377\0002\000d}{section*.30}% 31
\BOOKMARK [2][-]{section*.32}{\376\377\0003\000d}{section*.30}% 32
\BOOKMARK [2][-]{section*.33}{\376\377\000c\000i\000r\000c\000l\000e}{section*.30}% 33
\BOOKMARK [1][-]{section*.34}{\376\377\000s\000e\000a\000r\000c\000h}{}% 34
